f:\project\wtl\cutesqlite\cutesqlite\x64\release\cutesqlite.pch
f:\project\wtl\cutesqlite\cutesqlite\x64\release\stdafx.obj
f:\project\wtl\cutesqlite\cutesqlite\x64\release\view.obj
f:\project\wtl\cutesqlite\cutesqlite\x64\release\mainfrm.obj
f:\project\wtl\cutesqlite\cutesqlite\x64\release\cutesqlite.obj
f:\project\wtl\cutesqlite\cutesqlite\x64\release\aboutdlg.obj
f:\project\wtl\cutesqlite\x64\release\cutesqlite.exe
f:\project\wtl\cutesqlite\cutesqlite\x64\release\cutesqlite.exe.intermediate.manifest
f:\project\wtl\cutesqlite\cutesqlite\x64\release\cutesqlite.res
f:\project\wtl\cutesqlite\cutesqlite\x64\release\gdiutil.obj
f:\project\wtl\cutesqlite\cutesqlite\x64\release\colorutil.obj
f:\project\wtl\cutesqlite\cutesqlite\x64\release\leftpanel.obj
f:\project\wtl\cutesqlite\cutesqlite\x64\release\homepanel.obj
f:\project\wtl\cutesqlite\cutesqlite\x64\release\qimagebutton.obj
f:\project\wtl\cutesqlite\cutesqlite\x64\release\imagetextbutton.obj
f:\project\wtl\cutesqlite\cutesqlite\x64\release\homeview.obj
f:\project\wtl\cutesqlite\cutesqlite\x64\release\settingservice.obj
f:\project\wtl\cutesqlite\cutesqlite\x64\release\sysinitrepository.obj
f:\project\wtl\cutesqlite\cutesqlite\x64\release\qsqlstatement.obj
f:\project\wtl\cutesqlite\cutesqlite\x64\release\qsqlexception.obj
f:\project\wtl\cutesqlite\cutesqlite\x64\release\qsqldatabase.obj
f:\project\wtl\cutesqlite\cutesqlite\x64\release\qsqlcolumn.obj
f:\project\wtl\cutesqlite\cutesqlite\x64\release\lang.obj
f:\project\wtl\cutesqlite\cutesqlite\x64\release\qruntimeexception.obj
f:\project\wtl\cutesqlite\cutesqlite\x64\release\msgdispatcher.obj
f:\project\wtl\cutesqlite\cutesqlite\x64\release\appcontext.obj
f:\project\wtl\cutesqlite\cutesqlite\x64\release\resourceutil.obj
f:\project\wtl\cutesqlite\cutesqlite\x64\release\log.obj
f:\project\wtl\cutesqlite\cutesqlite\x64\release\lefttreeview.obj
f:\project\wtl\cutesqlite\cutesqlite\x64\release\lefttreeviewadapter.obj
f:\project\wtl\cutesqlite\cutesqlite\x64\release\databasepanel.obj
f:\project\wtl\cutesqlite\cutesqlite\x64\release\qpopanimate.obj
f:\project\wtl\cutesqlite\cutesqlite\x64\release\qmessagebox.obj
f:\project\wtl\cutesqlite\cutesqlite\x64\release\qstaticimage.obj
f:\project\wtl\cutesqlite\cutesqlite\x64\release\qimagelist.obj
f:\project\wtl\cutesqlite\cutesqlite\x64\release\qimage.obj
f:\project\wtl\cutesqlite\cutesqlite\x64\release\databaseservice.obj
f:\project\wtl\cutesqlite\cutesqlite\x64\release\tableuserrepository.obj
f:\project\wtl\cutesqlite\cutesqlite\x64\release\databaseuserrepository.obj
f:\project\wtl\cutesqlite\cutesqlite\x64\release\userdbrepository.obj
f:\project\wtl\cutesqlite\cutesqlite\x64\release\fontutil.obj
f:\project\wtl\cutesqlite\cutesqlite\x64\release\viewuserrepository.obj
f:\project\wtl\cutesqlite\cutesqlite\x64\release\triggeruserrepository.obj
f:\project\wtl\cutesqlite\cutesqlite\x64\release\indexuserrepository.obj
f:\project\wtl\cutesqlite\cutesqlite\x64\release\fielduserrepository.obj
f:\project\wtl\cutesqlite\cutesqlite\x64\release\rightworkview.obj
f:\project\wtl\cutesqlite\cutesqlite\x64\release\resulttabview.obj
f:\project\wtl\cutesqlite\cutesqlite\x64\release\resulttabledatapage.obj
f:\project\wtl\cutesqlite\cutesqlite\x64\release\resultlistpage.obj
f:\project\wtl\cutesqlite\cutesqlite\x64\release\resultinfopage.obj
f:\project\wtl\cutesqlite\cutesqlite\x64\release\querypage.obj
f:\project\wtl\cutesqlite\cutesqlite\x64\release\qtabview.obj
f:\project\wtl\cutesqlite\cutesqlite\x64\release\qpage.obj
f:\project\wtl\cutesqlite\cutesqlite\x64\release\qcheckbox.obj
f:\project\wtl\cutesqlite\cutesqlite\x64\release\databasesupplier.obj
f:\project\wtl\cutesqlite\cutesqlite\x64\release\qhelpedit.obj
f:\project\wtl\cutesqlite\cutesqlite\x64\release\qhelppage.obj
f:\project\wtl\cutesqlite\cutesqlite\x64\release\qsqledit.obj
f:\project\wtl\cutesqlite\x64\release\cutesqlite.pdb
f:\project\wtl\cutesqlite\cutesqlite\x64\release\cl.command.1.tlog
f:\project\wtl\cutesqlite\cutesqlite\x64\release\cl.read.1.tlog
f:\project\wtl\cutesqlite\cutesqlite\x64\release\cl.write.1.tlog
f:\project\wtl\cutesqlite\cutesqlite\x64\release\cutesqlite.write.1.tlog
f:\project\wtl\cutesqlite\cutesqlite\x64\release\link-cvtres.read.1.tlog
f:\project\wtl\cutesqlite\cutesqlite\x64\release\link-cvtres.write.1.tlog
f:\project\wtl\cutesqlite\cutesqlite\x64\release\link.command.1.tlog
f:\project\wtl\cutesqlite\cutesqlite\x64\release\link.read.1.tlog
f:\project\wtl\cutesqlite\cutesqlite\x64\release\link.write.1.tlog
f:\project\wtl\cutesqlite\cutesqlite\x64\release\mt.command.1.tlog
f:\project\wtl\cutesqlite\cutesqlite\x64\release\mt.read.1.tlog
f:\project\wtl\cutesqlite\cutesqlite\x64\release\mt.write.1.tlog
f:\project\wtl\cutesqlite\cutesqlite\x64\release\rc.command.1.tlog
f:\project\wtl\cutesqlite\cutesqlite\x64\release\rc.read.1.tlog
f:\project\wtl\cutesqlite\cutesqlite\x64\release\rc.write.1.tlog
f:\project\wtl\cutesqlite\cutesqlite\x64\release\cutesqlite.tlog\cl.command.1.tlog
f:\project\wtl\cutesqlite\cutesqlite\x64\release\cutesqlite.tlog\cl.read.1.tlog
f:\project\wtl\cutesqlite\cutesqlite\x64\release\cutesqlite.tlog\cl.write.1.tlog
f:\project\wtl\cutesqlite\cutesqlite\x64\release\cutesqlite.tlog\link.command.1.tlog
f:\project\wtl\cutesqlite\cutesqlite\x64\release\cutesqlite.tlog\link.read.1.tlog
f:\project\wtl\cutesqlite\cutesqlite\x64\release\cutesqlite.tlog\link.write.1.tlog
f:\project\wtl\cutesqlite\cutesqlite\x64\release\cutesqlite.tlog\rc.command.1.tlog
f:\project\wtl\cutesqlite\cutesqlite\x64\release\cutesqlite.tlog\rc.read.1.tlog
f:\project\wtl\cutesqlite\cutesqlite\x64\release\cutesqlite.tlog\rc.write.1.tlog
