  Log.cpp
f:\project\wtl\cutesqlite\cutesqlite\utils\log.h(21): fatal error C1083: 无法打开包括文件: “spdlog/spdlog.h”: No such file or directory
  GdiUtil.cpp
f:\project\wtl\cutesqlite\cutesqlite\utils\log.h(21): fatal error C1083: 无法打开包括文件: “spdlog/spdlog.h”: No such file or directory
  LeftPanel.cpp
f:\project\wtl\cutesqlite\cutesqlite\ui\home\leftpanel.h(11): fatal error C1083: 无法打开包括文件: “common/Config.h”: No such file or directory
  HomePanel.cpp
f:\project\wtl\cutesqlite\cutesqlite\ui\home\homepanel.h(26): fatal error C1083: 无法打开包括文件: “common/Config.h”: No such file or directory
  LeftTreeView.cpp
f:\project\wtl\cutesqlite\cutesqlite\ui\database\leftview\lefttreeview.h(24): fatal error C1083: 无法打开包括文件: “core/entity/Entity.h”: No such file or directory
  DatabasePanel.cpp
f:\project\wtl\cutesqlite\cutesqlite\ui\database\databasepanel.h(27): fatal error C1083: 无法打开包括文件: “common/Config.h”: No such file or directory
  QPopAnimate.cpp
f:\project\wtl\cutesqlite\cutesqlite\ui\common\message\qpopanimate.h(14): fatal error C1083: 无法打开包括文件: “resource.h”: No such file or directory
  QMessageBox.cpp
f:\project\wtl\cutesqlite\cutesqlite\ui\common\message\qmessagebox.h(14): fatal error C1083: 无法打开包括文件: “common/Config.h”: No such file or directory
  QStaticImage.cpp
f:\project\wtl\cutesqlite\cutesqlite\ui\common\image\qimage.h(16): fatal error C1083: 无法打开包括文件: “common/Config.h”: No such file or directory
  QImageList.cpp
f:\project\wtl\cutesqlite\cutesqlite\ui\common\image\qimage.h(16): fatal error C1083: 无法打开包括文件: “common/Config.h”: No such file or directory
  QImage.cpp
f:\project\wtl\cutesqlite\cutesqlite\ui\common\image\qimage.h(16): fatal error C1083: 无法打开包括文件: “common/Config.h”: No such file or directory
  QImageButton.cpp
f:\project\wtl\cutesqlite\cutesqlite\ui\common\button\qimagebutton.cpp(6): fatal error C1083: 无法打开包括文件: “utils/GdiPlusUtil.h”: No such file or directory
  ImageTextButton.cpp
f:\project\wtl\cutesqlite\cutesqlite\ui\common\button\imagetextbutton.h(14): fatal error C1083: 无法打开包括文件: “common/Config.h”: No such file or directory
  SettingService.cpp
f:\project\wtl\cutesqlite\cutesqlite\core\service\system\settingservice.h(22): fatal error C1083: 无法打开包括文件: “core/entity/Entity.h”: No such file or directory
  DatabaseService.cpp
f:\project\wtl\cutesqlite\cutesqlite\core\service\db\databaseservice.h(21): fatal error C1083: 无法打开包括文件: “core/common/service/BaseService.h”: No such file or directory
  SysInitRepository.cpp
f:\project\wtl\cutesqlite\cutesqlite\core\repository\system\sysinitrepository.h(10): fatal error C1083: 无法打开包括文件: “core/entity/Entity.h”: No such file or directory
  DbRepository.cpp
f:\project\wtl\cutesqlite\cutesqlite\core\repository\db\dbrepository.h(21): fatal error C1083: 无法打开包括文件: “core/entity/Entity.h”: No such file or directory
  QSqlStatement.cpp
f:\project\wtl\cutesqlite\cutesqlite\core\common\repository\qsqlstatement.h(3): fatal error C1083: 无法打开包括文件: “stdafx.h”: No such file or directory
  QSqlException.cpp
f:\project\wtl\cutesqlite\cutesqlite\core\common\repository\qsqlexception.cpp(12): fatal error C1083: 无法打开包括文件: “sqlite3/sqlite3.h”: No such file or directory
  QSqlDatabase.cpp
f:\project\wtl\cutesqlite\cutesqlite\core\common\repository\qsqldatabase.h(2): fatal error C1083: 无法打开包括文件: “stdafx.h”: No such file or directory
  正在生成代码...
  正在编译...
  QSqlColumn.cpp
f:\project\wtl\cutesqlite\cutesqlite\core\common\repository\qsqlcolumn.h(2): fatal error C1083: 无法打开包括文件: “stdafx.h”: No such file or directory
  QRuntimeException.cpp
f:\project\wtl\cutesqlite\cutesqlite\core\common\exception\qruntimeexception.cpp(3): fatal error C1083: 无法打开包括文件: “utils/StringUtil.h”: No such file or directory
  Lang.cpp
f:\project\wtl\cutesqlite\cutesqlite\core\common\lang.cpp(3): fatal error C1083: 无法打开包括文件: “core/service/system/SettingService.h”: No such file or directory
  MsgDispatcher.cpp
f:\project\wtl\cutesqlite\cutesqlite\common\msgdispatcher.cpp(4): fatal error C1083: 无法打开包括文件: “utils/Log.h”: No such file or directory
  MainFrm.cpp
f:\project\wtl\cutesqlite\cutesqlite\utils\log.h(21): fatal error C1083: 无法打开包括文件: “spdlog/spdlog.h”: No such file or directory
  HomeView.cpp
f:\project\wtl\cutesqlite\cutesqlite\utils\log.h(21): fatal error C1083: 无法打开包括文件: “spdlog/spdlog.h”: No such file or directory
  CuteSqlite.cpp
f:\project\wtl\cutesqlite\cutesqlite\utils\log.h(21): fatal error C1083: 无法打开包括文件: “spdlog/spdlog.h”: No such file or directory
  正在生成代码...
