  ResultListPage.cpp
f:\project\wtlproject\cutesqlite\lib\include\spdlog\fmt\bundled\format-inl.h(1207): warning C4307: “*”: 整型常量溢出
  CuteSqlite.vcxproj -> F:\project\wtlproject\CuteSqlite\x64\Debug\CuteSqlite.exe
  子目录或文件 F:\project\wtlproject\CuteSqlite\x64\Debug\res 已经存在。
  处理: F:\project\wtlproject\CuteSqlite\x64\Debug\res 时出错。
  子目录或文件 /Y 已经存在。
  处理: /Y 时出错。
  res\CuteSqlite.ico
  res\toolbar.bmp
  res\db\CuteSqlite.s3db
  res\db\UserDb.s3db
  res\images\common\message\error.bmp
  res\images\common\message\success.bmp
  res\images\common\message\warn.bmp
  res\images\database\button\create-button-normal.png
  res\images\database\button\create-button-pressed.png
  res\images\database\button\delete-button-normal.png
  res\images\database\button\delete-button-pressed.png
  res\images\database\button\exec-all-button-normal.png
  res\images\database\button\exec-all-button-pressed.png
  res\images\database\button\exec-sql-button-normal.png
  res\images\database\button\exec-sql-button-pressed.png
  res\images\database\button\open-button-normal.png
  res\images\database\button\open-button-pressed.png
  res\images\database\button\refresh-button-normal.png
  res\images\database\button\refresh-button-pressed.png
  res\images\database\list\button\copy-button-normal.png
  res\images\database\list\button\copy-button-pressed.png
  res\images\database\list\button\export-button-normal.png
  res\images\database\list\button\export-button-pressed.png
  res\images\database\list\button\filter-button-normal.png
  res\images\database\list\button\filter-button-pressed.png
  res\images\database\list\button\refresh-button-normal.png
  res\images\database\list\button\refresh-button-pressed.png
  res\images\database\tab\history.bmp
  res\images\database\tab\info.bmp
  res\images\database\tab\object.bmp
  res\images\database\tab\query.bmp
  res\images\database\tab\result.bmp
  res\images\database\tab\table-data.bmp
  res\images\database\tree\database.bmp
  res\images\database\tree\field.bmp
  res\images\database\tree\folder.bmp
  res\images\database\tree\index.bmp
  res\images\database\tree\table.bmp
  res\images\database\tree\trigger.bmp
  res\images\database\tree\view.bmp
  res\images\home\analysis-button-disabled.png
  res\images\home\analysis-button-hover.png
  res\images\home\analysis-button-normal.png
  res\images\home\analysis-button-pushed.png
  res\images\home\database-button-disabled.png
  res\images\home\database-button-hover.png
  res\images\home\database-button-normal.png
  res\images\home\database-button-pushed.png
  res\images\home\home-button-disabled.png
  res\images\home\home-button-hover.png
  res\images\home\home-button-normal.png
  res\images\home\home-button-pushed.png
  res\images\home\setting-button-disabled.png
  res\images\home\setting-button-hover.png
  res\images\home\setting-button-normal.png
  res\images\home\setting-button-pushed.png
  res\images\home\view-button-disabled.png
  res\images\home\view-button-hover.png
  res\images\home\view-button-normal.png
  res\images\home\view-button-pushed.png
  res\language\en-us.ini
  res\language\en-us.ini.bak
  res\language\zh-cn.ini
  res\language\zh-cn.ini.bak
  复制了 64 个文件
  ..\lib\libcurl\libcurl.dll
  复制了 1 个文件
  ..\lib\sqlite3\sqlite3.dll
  复制了 1 个文件
  ..\lib\scintilla\SciLexer.dll
  复制了 1 个文件
