f:\project\wtl\cutesqlite\cutesqlite\x64\debug\vc141.pdb
f:\project\wtl\cutesqlite\cutesqlite\x64\debug\cutesqlite.obj
f:\project\wtl\cutesqlite\cutesqlite\x64\debug\settingservice.obj
f:\project\wtl\cutesqlite\cutesqlite\x64\debug\databaseservice.obj
f:\project\wtl\cutesqlite\cutesqlite\x64\debug\viewuserrepository.obj
f:\project\wtl\cutesqlite\cutesqlite\x64\debug\triggeruserrepository.obj
f:\project\wtl\cutesqlite\cutesqlite\x64\debug\tableuserrepository.obj
f:\project\wtl\cutesqlite\cutesqlite\x64\debug\indexuserrepository.obj
f:\project\wtl\cutesqlite\cutesqlite\x64\debug\fielduserrepository.obj
f:\project\wtl\cutesqlite\cutesqlite\x64\debug\databaseuserrepository.obj
f:\project\wtl\cutesqlite\cutesqlite\x64\debug\sysinitrepository.obj
f:\project\wtl\cutesqlite\cutesqlite\x64\debug\userdbrepository.obj
f:\project\wtl\cutesqlite\cutesqlite\x64\debug\qsqlstatement.obj
f:\project\wtl\cutesqlite\cutesqlite\x64\debug\qsqlexception.obj
f:\project\wtl\cutesqlite\cutesqlite\x64\debug\qsqldatabase.obj
f:\project\wtl\cutesqlite\cutesqlite\x64\debug\qsqlcolumn.obj
f:\project\wtl\cutesqlite\cutesqlite\x64\debug\lang.obj
f:\project\wtl\cutesqlite\cutesqlite\x64\debug\qruntimeexception.obj
f:\project\wtl\cutesqlite\cutesqlite\x64\debug\msgdispatcher.obj
f:\project\wtl\cutesqlite\cutesqlite\x64\debug\appcontext.obj
f:\project\wtl\cutesqlite\cutesqlite\x64\debug\aboutdlg.obj
f:\project\wtl\cutesqlite\cutesqlite\x64\debug\resultinfopage.obj
f:\project\wtl\cutesqlite\cutesqlite\x64\debug\querypage.obj
f:\project\wtl\cutesqlite\cutesqlite\x64\debug\lefttreeview.obj
f:\project\wtl\cutesqlite\cutesqlite\x64\debug\lefttreeviewadapter.obj
f:\project\wtl\cutesqlite\cutesqlite\x64\debug\databasepanel.obj
f:\project\wtl\cutesqlite\cutesqlite\x64\debug\qtabview.obj
f:\project\wtl\cutesqlite\cutesqlite\x64\debug\qpage.obj
f:\project\wtl\cutesqlite\cutesqlite\x64\debug\qhelppage.obj
f:\project\wtl\cutesqlite\cutesqlite\x64\debug\qpopanimate.obj
f:\project\wtl\cutesqlite\cutesqlite\x64\debug\qmessagebox.obj
f:\project\wtl\cutesqlite\cutesqlite\x64\debug\qstaticimage.obj
f:\project\wtl\cutesqlite\cutesqlite\x64\debug\qimagelist.obj
f:\project\wtl\cutesqlite\cutesqlite\x64\debug\qimage.obj
f:\project\wtl\cutesqlite\cutesqlite\x64\debug\qhelpedit.obj
f:\project\wtl\cutesqlite\cutesqlite\x64\debug\qcheckbox.obj
f:\project\wtl\cutesqlite\cutesqlite\x64\debug\qimagebutton.obj
f:\project\wtl\cutesqlite\cutesqlite\x64\debug\imagetextbutton.obj
f:\project\wtl\cutesqlite\cutesqlite\x64\debug\homeview.obj
f:\project\wtl\cutesqlite\cutesqlite\x64\debug\mainfrm.obj
f:\project\wtl\cutesqlite\cutesqlite\x64\debug\resourceutil.obj
f:\project\wtl\cutesqlite\cutesqlite\x64\debug\log.obj
f:\project\wtl\cutesqlite\cutesqlite\x64\debug\gdiutil.obj
f:\project\wtl\cutesqlite\cutesqlite\x64\debug\fontutil.obj
f:\project\wtl\cutesqlite\cutesqlite\x64\debug\colorutil.obj
f:\project\wtl\cutesqlite\cutesqlite\x64\debug\leftpanel.obj
f:\project\wtl\cutesqlite\cutesqlite\x64\debug\homepanel.obj
f:\project\wtl\cutesqlite\cutesqlite\x64\debug\databasesupplier.obj
f:\project\wtl\cutesqlite\cutesqlite\x64\debug\rightworkview.obj
f:\project\wtl\cutesqlite\cutesqlite\x64\debug\resulttabview.obj
f:\project\wtl\cutesqlite\cutesqlite\x64\debug\resulttabledatapage.obj
f:\project\wtl\cutesqlite\cutesqlite\x64\debug\resultlistpage.obj
f:\project\wtl\cutesqlite\cutesqlite\x64\debug\qsqledit.obj
f:\project\wtl\cutesqlite\cutesqlite\x64\debug\sqlutil.obj
f:\project\wtl\cutesqlite\cutesqlite\x64\debug\cutesqlite.pch
f:\project\wtl\cutesqlite\cutesqlite\x64\debug\stdafx.obj
f:\project\wtl\cutesqlite\cutesqlite\x64\debug\sqlservice.obj
f:\project\wtl\cutesqlite\cutesqlite\x64\debug\sqlexecutoruserrepository.obj
f:\project\wtl\cutesqlite\cutesqlite\x64\debug\resultlistpageadapter.obj
f:\project\wtl\cutesqlite\x64\debug\cutesqlite.exe
f:\project\wtl\cutesqlite\x64\debug\cutesqlite.ilk
f:\project\wtl\cutesqlite\x64\debug\cutesqlite.pdb
f:\project\wtl\cutesqlite\cutesqlite\x64\debug\cutesqlite.res
f:\project\wtl\cutesqlite\cutesqlite\x64\debug\cutesqlite.tlog\cl.command.1.tlog
f:\project\wtl\cutesqlite\cutesqlite\x64\debug\cutesqlite.tlog\cl.read.1.tlog
f:\project\wtl\cutesqlite\cutesqlite\x64\debug\cutesqlite.tlog\cl.write.1.tlog
f:\project\wtl\cutesqlite\cutesqlite\x64\debug\cutesqlite.tlog\link.command.1.tlog
f:\project\wtl\cutesqlite\cutesqlite\x64\debug\cutesqlite.tlog\link.read.1.tlog
f:\project\wtl\cutesqlite\cutesqlite\x64\debug\cutesqlite.tlog\link.write.1.tlog
f:\project\wtl\cutesqlite\cutesqlite\x64\debug\cutesqlite.tlog\rc.command.1.tlog
f:\project\wtl\cutesqlite\cutesqlite\x64\debug\cutesqlite.tlog\rc.read.1.tlog
f:\project\wtl\cutesqlite\cutesqlite\x64\debug\cutesqlite.tlog\rc.write.1.tlog
